<?xml version="1.0" encoding="UTF-8"?>
<testsuite name="SalarySlipGeneratorShould" tests="1" skipped="0" failures="0" errors="0" timestamp="2019-06-28T07:18:44" hostname="Damians-MacBook-Pro.local" time="0.071">
  <properties/>
  <testcase name="calculate_Salary_Slip_Of_5k_Income_Employee" classname="SalarySlipGeneratorShould" time="0.071"/>
  <system-out><![CDATA[]]></system-out>
  <system-err><![CDATA[]]></system-err>
</testsuite>
