<?xml version="1.0" encoding="UTF-8"?>
<testsuite name="SalarySlipGeneratorShould" tests="2" skipped="0" failures="0" errors="0" timestamp="2019-06-28T07:57:57" hostname="Damians-MacBook-Pro.local" time="0.581">
  <properties/>
  <testcase name="calculate_Salary_Slip_Of_5k_Income_Employee" classname="SalarySlipGeneratorShould" time="0.564"/>
  <testcase name="calculate_Salary_Slip_With_National_Insurance_Contribution" classname="SalarySlipGeneratorShould" time="0.015"/>
  <system-out><![CDATA[]]></system-out>
  <system-err><![CDATA[]]></system-err>
</testsuite>
