<?xml version="1.0" encoding="UTF-8"?>
<testsuite name="TaxShould" tests="3" skipped="0" failures="0" errors="0" timestamp="2019-06-28T09:50:57" hostname="Damians-MacBook-Pro.local" time="0.005">
  <properties/>
  <testcase name="be_Zero_Percent_Taxable_Income_When_Salary_Is_Below_11000" classname="TaxShould" time="0.004"/>
  <testcase name="be_Twenty_Percent_Taxes_When_Salary_Is_Above_11000" classname="TaxShould" time="0.0"/>
  <testcase name="be_Twenty_Percent_Taxes_When_Salary_Is_Above_43000" classname="TaxShould" time="0.0"/>
  <system-out><![CDATA[]]></system-out>
  <system-err><![CDATA[]]></system-err>
</testsuite>
